#
# A fatal error has been detected by the Java Runtime Environment:
#
#  EXCEPTION_ACCESS_VIOLATION (0xc0000005) at pc=0x0000000064aa55e8, pid=6940, tid=9048
#
# JRE version: Java(TM) SE Runtime Environment (8.0_77-b03) (build 1.8.0_77-b03)
# Java VM: Java HotSpot(TM) 64-Bit Server VM (25.77-b03 mixed mode windows-amd64 compressed oops)
# Problematic frame:
# V  [jvm.dll+0xf55e8]
#
# Failed to write core dump. Minidumps are not enabled by default on client versions of Windows
#
# If you would like to submit a bug report, please visit:
#   http://bugreport.java.com/bugreport/crash.jsp
#

---------------  T H R E A D  ---------------

Current thread (0x00000000172b7800):  VMThread [stack: 0x0000000018350000,0x0000000018450000] [id=9048]

siginfo: ExceptionCode=0xc0000005, reading address 0x0000000020d12078

Registers:
RAX=0x00000000001fffe0, RBX=0x000000000000ffff, RCX=0x0000000020b10180, RDX=0x0000000020b12088
RSP=0x000000001844f0c0, RBP=0x000000001844f1f0, RSI=0x000000000000ffff, RDI=0x0000000020b10180
R8 =0x00000000027915b0, R9 =0x0000000000000003, R10=0x0000000000000003, R11=0x0000000020b107a1
R12=0x000000001844f280, R13=0x000000001844f270, R14=0x0000000000000000, R15=0x0000000000000000
RIP=0x0000000064aa55e8, EFLAGS=0x0000000000010202

Top of Stack: (sp=0x000000001844f0c0)
0x000000001844f0c0:   00000000000000b7 000000001844f1f0
0x000000001844f0d0:   00000000000000b7 00007fff8c640d67
0x000000001844f0e0:   0000000000000000 0000000064b828a0
0x000000001844f0f0:   00000000000000b7 00000000000000b7
0x000000001844f100:   000000001b68b530 000000001b68c0a8
0x000000001844f110:   0000000000000000 000000001b6840c0
0x000000001844f120:   0000000002ffdf98 0000000002ffd8ca
0x000000001844f130:   0000442f89eee389 0000000002ffd790
0x000000001844f140:   00000000027e61a0 000000001b68b530
0x000000001844f150:   0000000000000000 0000000064a3fd84
0x000000001844f160:   0000000002ffd980 0000000000000000
0x000000001844f170:   0000000000000000 0000000002ffd980
0x000000001844f180:   0000000000018360 0000000064a401e5
0x000000001844f190:   000000001b68b530 000000001b68c0a8
0x000000001844f1a0:   000000001b68b530 0000000064a4db9e
0x000000001844f1b0:   0000442f89eee300 00000000651b4db8 

Instructions: (pc=0x0000000064aa55e8)
0x0000000064aa55c8:   00 ba d9 01 00 00 e8 5d dc 17 00 e8 38 e7 19 00
0x0000000064aa55d8:   48 8b 57 10 48 85 d2 74 0f 48 8b c3 48 c1 e0 05
0x0000000064aa55e8:   48 8b 44 10 10 0f b7 d8 48 63 c3 0f b7 44 c7 50
0x0000000064aa55f8:   48 8b 44 c7 50 48 89 44 24 30 f6 d0 48 8b 4c 24 


Register to memory mapping:

RAX=0x00000000001fffe0 is an unknown value
RBX=0x000000000000ffff is an unknown value
RCX=0x0000000020b10180 is pointing into metadata
RDX=0x0000000020b12088 is pointing into metadata
RSP=0x000000001844f0c0 is an unknown value
RBP=0x000000001844f1f0 is an unknown value
RSI=0x000000000000ffff is an unknown value
RDI=0x0000000020b10180 is pointing into metadata
R8 =0x00000000027915b0 is an unknown value
R9 =0x0000000000000003 is an unknown value
R10=0x0000000000000003 is an unknown value
R11=0x0000000020b107a1 is pointing into metadata
R12=0x000000001844f280 is an unknown value
R13=0x000000001844f270 is an unknown value
R14=0x0000000000000000 is an unknown value
R15=0x0000000000000000 is an unknown value


Stack: [0x0000000018350000,0x0000000018450000],  sp=0x000000001844f0c0,  free space=1020k
Native frames: (J=compiled Java code, j=interpreted, Vv=VM code, C=native code)
V  [jvm.dll+0xf55e8]
V  [jvm.dll+0x1d28a0]
V  [jvm.dll+0x1d37f2]
V  [jvm.dll+0x1c1096]
V  [jvm.dll+0x1c637b]
V  [jvm.dll+0x1c687b]
V  [jvm.dll+0x249a17]
V  [jvm.dll+0x248cb6]
V  [jvm.dll+0x249151]
V  [jvm.dll+0x24936e]
V  [jvm.dll+0x29a27a]
C  [msvcr100.dll+0x21d9f]
C  [msvcr100.dll+0x21e3b]
C  [KERNEL32.DLL+0x13d2]
C  [ntdll.dll+0x154f4]

VM_Operation (0x0000000018aef490): RedefineClasses, mode: safepoint, requested by thread 0x00000000172ff800


---------------  P R O C E S S  ---------------

Java Threads: ( => current thread )
  0x000000001e1e3000 JavaThread "DestroyJavaVM" [_thread_blocked, id=11012, stack(0x00000000025a0000,0x00000000026a0000)]
  0x000000001e1e4000 JavaThread "http-nio-8080-AsyncTimeout" daemon [_thread_blocked, id=10324, stack(0x0000000020090000,0x0000000020190000)]
  0x000000001e1e4800 JavaThread "http-nio-8080-Acceptor-0" daemon [_thread_in_native, id=9744, stack(0x000000001ff90000,0x0000000020090000)]
  0x000000001e1e1000 JavaThread "http-nio-8080-ClientPoller-1" daemon [_thread_in_native, id=9024, stack(0x000000001fe90000,0x000000001ff90000)]
  0x000000001e1dd000 JavaThread "http-nio-8080-ClientPoller-0" daemon [_thread_in_native, id=7696, stack(0x000000001fd90000,0x000000001fe90000)]
  0x000000001e1e0000 JavaThread "http-nio-8080-exec-10" daemon [_thread_blocked, id=10248, stack(0x000000001fc90000,0x000000001fd90000)]
  0x000000001e1df800 JavaThread "http-nio-8080-exec-9" daemon [_thread_blocked, id=8560, stack(0x000000001fb90000,0x000000001fc90000)]
  0x000000001e1de000 JavaThread "http-nio-8080-exec-8" daemon [_thread_blocked, id=10372, stack(0x000000001fa90000,0x000000001fb90000)]
  0x000000001e1dc800 JavaThread "http-nio-8080-exec-7" daemon [_thread_blocked, id=6588, stack(0x000000001f990000,0x000000001fa90000)]
  0x000000001e1de800 JavaThread "http-nio-8080-exec-6" daemon [_thread_blocked, id=4772, stack(0x000000001f890000,0x000000001f990000)]
  0x000000001e1db800 JavaThread "http-nio-8080-exec-5" daemon [_thread_blocked, id=10692, stack(0x000000001f790000,0x000000001f890000)]
  0x000000001ba4e000 JavaThread "http-nio-8080-exec-4" daemon [_thread_blocked, id=10488, stack(0x000000001f590000,0x000000001f690000)]
  0x000000001ba51000 JavaThread "http-nio-8080-exec-3" daemon [_thread_blocked, id=8240, stack(0x000000001f490000,0x000000001f590000)]
  0x000000001ba50000 JavaThread "http-nio-8080-exec-2" daemon [_thread_blocked, id=11076, stack(0x000000001f390000,0x000000001f490000)]
  0x000000001ba4c800 JavaThread "http-nio-8080-exec-1" daemon [_thread_blocked, id=11192, stack(0x000000001f290000,0x000000001f390000)]
  0x000000001ba4d000 JavaThread "NioBlockingSelector.BlockPoller-1" daemon [_thread_in_native, id=7972, stack(0x000000001f190000,0x000000001f290000)]
  0x000000001ba4b800 JavaThread "HikariPool-1 housekeeper" daemon [_thread_blocked, id=11068, stack(0x000000001d3c0000,0x000000001d4c0000)]
  0x000000001ba4e800 JavaThread "Abandoned connection cleanup thread" daemon [_thread_blocked, id=5512, stack(0x000000001cfc0000,0x000000001d0c0000)]
  0x000000001ba4b000 JavaThread "container-0" [_thread_blocked, id=9892, stack(0x000000001cec0000,0x000000001cfc0000)]
  0x000000001ba4a000 JavaThread "ContainerBackgroundProcessor[StandardEngine[Tomcat]]" daemon [_thread_blocked, id=9472, stack(0x000000001ccc0000,0x000000001cdc0000)]
  0x0000000019ad8800 JavaThread "JMX server connection timeout 20" daemon [_thread_blocked, id=10904, stack(0x000000001a9f0000,0x000000001aaf0000)]
  0x0000000019abf800 JavaThread "RMI TCP Connection(idle)" daemon [_thread_blocked, id=8700, stack(0x000000001a6f0000,0x000000001a7f0000)]
  0x0000000019abc800 JavaThread "RMI Scheduler(0)" daemon [_thread_blocked, id=8128, stack(0x000000001a5f0000,0x000000001a6f0000)]
  0x00000000198d0000 JavaThread "RMI TCP Accept-0" daemon [_thread_in_native, id=7424, stack(0x000000001a200000,0x000000001a300000)]
  0x00000000198cd000 JavaThread "RMI TCP Accept-62162" daemon [_thread_in_native, id=8396, stack(0x000000001a100000,0x000000001a200000)]
  0x00000000198b8800 JavaThread "RMI TCP Accept-0" daemon [_thread_in_native, id=9600, stack(0x000000001a000000,0x000000001a100000)]
  0x000000001935d000 JavaThread "Service Thread" daemon [_thread_blocked, id=5152, stack(0x0000000019700000,0x0000000019800000)]
  0x0000000017325800 JavaThread "C1 CompilerThread2" daemon [_thread_blocked, id=9800, stack(0x0000000019200000,0x0000000019300000)]
  0x0000000017320000 JavaThread "C2 CompilerThread1" daemon [_thread_blocked, id=11140, stack(0x0000000019100000,0x0000000019200000)]
  0x000000001731b000 JavaThread "C2 CompilerThread0" daemon [_thread_blocked, id=8852, stack(0x0000000019000000,0x0000000019100000)]
  0x000000001730f800 JavaThread "JDWP Command Reader" daemon [_thread_in_native, id=10532, stack(0x0000000018f00000,0x0000000019000000)]
  0x000000001730c000 JavaThread "JDWP Event Helper Thread" daemon [_thread_blocked, id=9252, stack(0x0000000018e00000,0x0000000018f00000)]
  0x00000000172ff800 JavaThread "JDWP Transport Listener: dt_socket" daemon [_thread_blocked, id=10984, stack(0x00000000189f0000,0x0000000018af0000)]
  0x00000000172f3000 JavaThread "Attach Listener" daemon [_thread_blocked, id=9580, stack(0x00000000188f0000,0x00000000189f0000)]
  0x00000000172f2000 JavaThread "Signal Dispatcher" daemon [_thread_blocked, id=11232, stack(0x00000000187f0000,0x00000000188f0000)]
  0x00000000172e0000 JavaThread "Finalizer" daemon [_thread_blocked, id=1312, stack(0x0000000018550000,0x0000000018650000)]
  0x00000000172b9000 JavaThread "Reference Handler" daemon [_thread_blocked, id=4880, stack(0x0000000018450000,0x0000000018550000)]

Other Threads:
=>0x00000000172b7800 VMThread [stack: 0x0000000018350000,0x0000000018450000] [id=9048]
  0x00000000198db800 WatcherThread [stack: 0x000000001a300000,0x000000001a400000] [id=10056]

VM state:at safepoint (normal execution)

VM Mutex/Monitor currently owned by a thread:  ([mutex/lock_event])
[0x00000000026a2950] Threads_lock - owner thread: 0x00000000172b7800

Heap:
 PSYoungGen      total 174592K, used 64559K [0x00000000d5d80000, 0x00000000e4500000, 0x0000000100000000)
  eden space 161280K, 31% used [0x00000000d5d80000,0x00000000d8f8df20,0x00000000dfb00000)
  from space 13312K, 99% used [0x00000000dfb00000,0x00000000e07fdd80,0x00000000e0800000)
  to   space 15872K, 0% used [0x00000000e3580000,0x00000000e3580000,0x00000000e4500000)
 ParOldGen       total 96256K, used 22651K [0x0000000081800000, 0x0000000087600000, 0x00000000d5d80000)
  object space 96256K, 23% used [0x0000000081800000,0x0000000082e1efc0,0x0000000087600000)
 Metaspace       used 46990K, capacity 49182K, committed 49448K, reserved 1091584K
  class space    used 6252K, capacity 6642K, committed 6704K, reserved 1048576K

Card table byte_map: [0x0000000011b60000,0x0000000011f60000] byte_map_base: 0x0000000011754000

Marking Bits: (ParMarkBitMap*) 0x00000000651c0600
 Begin Bits: [0x0000000012610000, 0x00000000145b0000)
 End Bits:   [0x00000000145b0000, 0x0000000016550000)

Polling page: 0x0000000000c30000

CodeCache: size=245760Kb used=8410Kb max_used=8558Kb free=237349Kb
 bounds [0x00000000027a0000, 0x0000000003000000, 0x00000000117a0000]
 total_blobs=4459 nmethods=3930 adapters=449
 compilation: enabled

Compilation events (10 events):
Event: 131.191 Thread 0x0000000017325800 4014       1       sun.nio.ch.WindowsSelectorImpl::updateSelectedKeys (74 bytes)
Event: 131.192 Thread 0x0000000017325800 nmethod 4014 0x0000000002a88550 code [0x0000000002a88700, 0x0000000002a88a08]
Event: 131.890 Thread 0x0000000017325800 4016   !   1       org.apache.tomcat.util.net.NioEndpoint$Poller::timeout (493 bytes)
Event: 131.893 Thread 0x0000000017325800 nmethod 4016 0x0000000002cf37d0 code [0x0000000002cf3ae0, 0x0000000002cf4918]
Event: 132.895 Thread 0x0000000017325800 4017       1       org.apache.coyote.AbstractProtocol::access$100 (5 bytes)
Event: 132.895 Thread 0x0000000017325800 nmethod 4017 0x0000000002e18310 code [0x0000000002e18460, 0x0000000002e18550]
Event: 132.895 Thread 0x0000000017325800 4018       1       org.apache.coyote.AbstractProtocol::access$200 (5 bytes)
Event: 132.895 Thread 0x0000000017325800 nmethod 4018 0x0000000002a89950 code [0x0000000002a89aa0, 0x0000000002a89b90]
Event: 133.192 Thread 0x0000000017325800 4019       1       sun.nio.ch.SelectorImpl::keys (28 bytes)
Event: 133.192 Thread 0x0000000017325800 nmethod 4019 0x00000000029c4650 code [0x00000000029c47c0, 0x00000000029c4998]

GC Heap History (10 events):
Event: 2.070 GC heap before
{Heap before GC invocations=7 (full 1):
 PSYoungGen      total 71680K, used 66560K [0x00000000d5d80000, 0x00000000def80000, 0x0000000100000000)
  eden space 66560K, 100% used [0x00000000d5d80000,0x00000000d9e80000,0x00000000d9e80000)
  from space 5120K, 0% used [0x00000000d9e80000,0x00000000d9e80000,0x00000000da380000)
  to   space 8192K, 0% used [0x00000000de780000,0x00000000de780000,0x00000000def80000)
 ParOldGen       total 56832K, used 7502K [0x0000000081800000, 0x0000000084f80000, 0x00000000d5d80000)
  object space 56832K, 13% used [0x0000000081800000,0x0000000081f538c8,0x0000000084f80000)
 Metaspace       used 24137K, capacity 25212K, committed 25520K, reserved 1071104K
  class space    used 3190K, capacity 3420K, committed 3504K, reserved 1048576K
Event: 2.076 GC heap after
Heap after GC invocations=7 (full 1):
 PSYoungGen      total 111616K, used 6046K [0x00000000d5d80000, 0x00000000ded80000, 0x0000000100000000)
  eden space 105472K, 0% used [0x00000000d5d80000,0x00000000d5d80000,0x00000000dc480000)
  from space 6144K, 98% used [0x00000000de780000,0x00000000ded67a90,0x00000000ded80000)
  to   space 8192K, 0% used [0x00000000ddd80000,0x00000000ddd80000,0x00000000de580000)
 ParOldGen       total 56832K, used 7510K [0x0000000081800000, 0x0000000084f80000, 0x00000000d5d80000)
  object space 56832K, 13% used [0x0000000081800000,0x0000000081f558c8,0x0000000084f80000)
 Metaspace       used 24137K, capacity 25212K, committed 25520K, reserved 1071104K
  class space    used 3190K, capacity 3420K, committed 3504K, reserved 1048576K
}
Event: 2.959 GC heap before
{Heap before GC invocations=8 (full 1):
 PSYoungGen      total 111616K, used 111518K [0x00000000d5d80000, 0x00000000ded80000, 0x0000000100000000)
  eden space 105472K, 100% used [0x00000000d5d80000,0x00000000dc480000,0x00000000dc480000)
  from space 6144K, 98% used [0x00000000de780000,0x00000000ded67a90,0x00000000ded80000)
  to   space 8192K, 0% used [0x00000000ddd80000,0x00000000ddd80000,0x00000000de580000)
 ParOldGen       total 56832K, used 7510K [0x0000000081800000, 0x0000000084f80000, 0x00000000d5d80000)
  object space 56832K, 13% used [0x0000000081800000,0x0000000081f558c8,0x0000000084f80000)
 Metaspace       used 30428K, capacity 31900K, committed 32176K, reserved 1077248K
  class space    used 3950K, capacity 4246K, committed 4272K, reserved 1048576K
Event: 2.969 GC heap after
Heap after GC invocations=8 (full 1):
 PSYoungGen      total 139264K, used 8164K [0x00000000d5d80000, 0x00000000e1400000, 0x0000000100000000)
  eden space 131072K, 0% used [0x00000000d5d80000,0x00000000d5d80000,0x00000000ddd80000)
  from space 8192K, 99% used [0x00000000ddd80000,0x00000000de5790a0,0x00000000de580000)
  to   space 12288K, 0% used [0x00000000e0800000,0x00000000e0800000,0x00000000e1400000)
 ParOldGen       total 56832K, used 13882K [0x0000000081800000, 0x0000000084f80000, 0x00000000d5d80000)
  object space 56832K, 24% used [0x0000000081800000,0x000000008258e8b8,0x0000000084f80000)
 Metaspace       used 30428K, capacity 31900K, committed 32176K, reserved 1077248K
  class space    used 3950K, capacity 4246K, committed 4272K, reserved 1048576K
}
Event: 3.241 GC heap before
{Heap before GC invocations=9 (full 1):
 PSYoungGen      total 139264K, used 33425K [0x00000000d5d80000, 0x00000000e1400000, 0x0000000100000000)
  eden space 131072K, 19% used [0x00000000d5d80000,0x00000000d762b5f0,0x00000000ddd80000)
  from space 8192K, 99% used [0x00000000ddd80000,0x00000000de5790a0,0x00000000de580000)
  to   space 12288K, 0% used [0x00000000e0800000,0x00000000e0800000,0x00000000e1400000)
 ParOldGen       total 56832K, used 13882K [0x0000000081800000, 0x0000000084f80000, 0x00000000d5d80000)
  object space 56832K, 24% used [0x0000000081800000,0x000000008258e8b8,0x0000000084f80000)
 Metaspace       used 33742K, capacity 35216K, committed 35496K, reserved 1079296K
  class space    used 4505K, capacity 4772K, committed 4784K, reserved 1048576K
Event: 3.251 GC heap after
Heap after GC invocations=9 (full 1):
 PSYoungGen      total 173568K, used 12029K [0x00000000d5d80000, 0x00000000e4000000, 0x0000000100000000)
  eden space 161280K, 0% used [0x00000000d5d80000,0x00000000d5d80000,0x00000000dfb00000)
  from space 12288K, 97% used [0x00000000e0800000,0x00000000e13bf560,0x00000000e1400000)
  to   space 13312K, 0% used [0x00000000dfb00000,0x00000000dfb00000,0x00000000e0800000)
 ParOldGen       total 56832K, used 13890K [0x0000000081800000, 0x0000000084f80000, 0x00000000d5d80000)
  object space 56832K, 24% used [0x0000000081800000,0x00000000825908b8,0x0000000084f80000)
 Metaspace       used 33742K, capacity 35216K, committed 35496K, reserved 1079296K
  class space    used 4505K, capacity 4772K, committed 4784K, reserved 1048576K
}
Event: 3.251 GC heap before
{Heap before GC invocations=10 (full 2):
 PSYoungGen      total 173568K, used 12029K [0x00000000d5d80000, 0x00000000e4000000, 0x0000000100000000)
  eden space 161280K, 0% used [0x00000000d5d80000,0x00000000d5d80000,0x00000000dfb00000)
  from space 12288K, 97% used [0x00000000e0800000,0x00000000e13bf560,0x00000000e1400000)
  to   space 13312K, 0% used [0x00000000dfb00000,0x00000000dfb00000,0x00000000e0800000)
 ParOldGen       total 56832K, used 13890K [0x0000000081800000, 0x0000000084f80000, 0x00000000d5d80000)
  object space 56832K, 24% used [0x0000000081800000,0x00000000825908b8,0x0000000084f80000)
 Metaspace       used 33742K, capacity 35216K, committed 35496K, reserved 1079296K
  class space    used 4505K, capacity 4772K, committed 4784K, reserved 1048576K
Event: 3.311 GC heap after
Heap after GC invocations=10 (full 2):
 PSYoungGen      total 173568K, used 0K [0x00000000d5d80000, 0x00000000e4000000, 0x0000000100000000)
  eden space 161280K, 0% used [0x00000000d5d80000,0x00000000d5d80000,0x00000000dfb00000)
  from space 12288K, 0% used [0x00000000e0800000,0x00000000e0800000,0x00000000e1400000)
  to   space 13312K, 0% used [0x00000000dfb00000,0x00000000dfb00000,0x00000000e0800000)
 ParOldGen       total 96256K, used 20986K [0x0000000081800000, 0x0000000087600000, 0x00000000d5d80000)
  object space 96256K, 21% used [0x0000000081800000,0x0000000082c7e8b0,0x0000000087600000)
 Metaspace       used 33742K, capacity 35216K, committed 35496K, reserved 1079296K
  class space    used 4505K, capacity 4772K, committed 4784K, reserved 1048576K
}
Event: 4.736 GC heap before
{Heap before GC invocations=11 (full 2):
 PSYoungGen      total 173568K, used 161280K [0x00000000d5d80000, 0x00000000e4000000, 0x0000000100000000)
  eden space 161280K, 100% used [0x00000000d5d80000,0x00000000dfb00000,0x00000000dfb00000)
  from space 12288K, 0% used [0x00000000e0800000,0x00000000e0800000,0x00000000e1400000)
  to   space 13312K, 0% used [0x00000000dfb00000,0x00000000dfb00000,0x00000000e0800000)
 ParOldGen       total 96256K, used 20986K [0x0000000081800000, 0x0000000087600000, 0x00000000d5d80000)
  object space 96256K, 21% used [0x0000000081800000,0x0000000082c7e8b0,0x0000000087600000)
 Metaspace       used 43085K, capacity 45060K, committed 45352K, reserved 1089536K
  class space    used 5762K, capacity 6136K, committed 6192K, reserved 1048576K
Event: 4.748 GC heap after
Heap after GC invocations=11 (full 2):
 PSYoungGen      total 174592K, used 13303K [0x00000000d5d80000, 0x00000000e4500000, 0x0000000100000000)
  eden space 161280K, 0% used [0x00000000d5d80000,0x00000000d5d80000,0x00000000dfb00000)
  from space 13312K, 99% used [0x00000000dfb00000,0x00000000e07fdd80,0x00000000e0800000)
  to   space 15872K, 0% used [0x00000000e3580000,0x00000000e3580000,0x00000000e4500000)
 ParOldGen       total 96256K, used 22651K [0x0000000081800000, 0x0000000087600000, 0x00000000d5d80000)
  object space 96256K, 23% used [0x0000000081800000,0x0000000082e1efc0,0x0000000087600000)
 Metaspace       used 43085K, capacity 45060K, committed 45352K, reserved 1089536K
  class space    used 5762K, capacity 6136K, committed 6192K, reserved 1048576K
}

Deoptimization events (0 events):
No events

Internal exceptions (10 events):
Event: 17.148 Thread 0x000000001ba4c800 Exception <a 'java/lang/ClassNotFoundException': java/lang/ObjectCustomizer> (0x00000000d7ae13f0) thrown at [D:\re\workspace\8-2-build-windows-amd64-cygwin\jdk8u77\6540\hotspot\src\share\vm\classfile\systemDictionary.cpp, line 210]
Event: 17.150 Thread 0x000000001ba4c800 Exception <a 'java/lang/ClassNotFoundException': org/springframework/web/servlet/support/AbstractFlashMapManagerCustomizer> (0x00000000d7afa078) thrown at [D:\re\workspace\8-2-build-windows-amd64-cygwin\jdk8u77\6540\hotspot\src\share\vm\classfile\systemDicµ‹wû&1@
Event: 17.151 Thread 0x000000001ba4c800 Exception <a 'java/lang/ClassNotFoundException': org/springframework/web/servlet/support/SessionFlashMapManagerCustomizer> (0x00000000d7b16c50) thrown at [D:\re\workspace\8-2-build-windows-amd64-cygwin\jdk8u77\6540\hotspot\src\share\vm\classfile\systemDict¢>ªG3'1@
Event: 17.153 Thread 0x000000001ba4c800 Exception <a 'java/lang/ClassNotFoundException': org/springframework/web/servlet/FlashMapManagerCustomizer> (0x00000000d7b2c068) thrown at [D:\re\workspace\8-2-build-windows-amd64-cygwin\jdk8u77\6540\hotspot\src\share\vm\classfile\systemDictionary.cpp, linrîÛ1A@
Event: 34.095 Thread 0x000000001ba4c800 Exception <a 'java/lang/NoSuchMethodError': java.lang.Object.lambda$mapIfAllPresent$6(Ljava/util/Optional;Ljava/util/function/BiFunction;Ljava/lang/Object;)Ljava/util/Optional;> (0x00000000d888f6d0) thrown at [D:\re\workspace\8-2-build-windows-amd64-cygwin
Event: 34.096 Thread 0x000000001ba4c800 Exception <a 'java/lang/NoSuchMethodError': java.lang.Object.lambda$null$5(Ljava/util/function/BiFunction;Ljava/lang/Object;Ljava/lang/Object;)Ljava/lang/Object;> (0x00000000d8893ff0) thrown at [D:\re\workspace\8-2-build-windows-amd64-cygwin\jdk8u77\6540\hÿ èA@
Event: 34.126 Thread 0x000000001ba4c800 Exception <a 'java/lang/ArrayIndexOutOfBoundsException'> (0x00000000d8a4d698) thrown at [D:\re\workspace\8-2-build-windows-amd64-cygwin\jdk8u77\6540\hotspot\src\share\vm\runtime\sharedRuntime.cpp, line 605]
Event: 34.126 Thread 0x000000001ba4c800 Exception <a 'java/lang/ArrayIndexOutOfBoundsException'> (0x00000000d8a4ec40) thrown at [D:\re\workspace\8-2-build-windows-amd64-cygwin\jdk8u77\6540\hotspot\src\share\vm\runtime\sharedRuntime.cpp, line 605]
Event: 34.126 Thread 0x000000001ba4c800 Exception <a 'java/lang/ArrayIndexOutOfBoundsException'> (0x00000000d8a5a0c0) thrown at [D:\re\workspace\8-2-build-windows-amd64-cygwin\jdk8u77\6540\hotspot\src\share\vm\runtime\sharedRuntime.cpp, line 605]
Event: 34.127 Thread 0x000000001ba4c800 Exception <a 'java/lang/ArrayIndexOutOfBoundsException'> (0x00000000d8a63ab0) thrown at [D:\re\workspace\8-2-build-windows-amd64-cygwin\jdk8u77\6540\hotspot\src\share\vm\runtime\sharedRuntime.cpp, line 605]

Events (10 events):
Event: 130.192 Thread 0x0000000017325800 flushing nmethod 0x0000000002e16950
Event: 130.192 Thread 0x0000000017325800 flushing nmethod 0x0000000002e18310
Event: 130.193 Thread 0x0000000017325800 flushing nmethod 0x0000000002f19490
Event: 130.193 Thread 0x0000000017325800 flushing nmethod 0x0000000002f1a950
Event: 130.193 Thread 0x0000000017325800 flushing nmethod 0x0000000002f34b50
Event: 140.252 Executing VM operation: ChangeBreakpoints
Event: 140.252 Executing VM operation: ChangeBreakpoints done
Event: 140.252 Executing VM operation: ChangeBreakpoints
Event: 140.253 Executing VM operation: ChangeBreakpoints done
Event: 140.271 Executing VM operation: RedefineClasses


Dynamic libraries:
0x00007ff72b310000 - 0x00007ff72b347000 	C:\Program Files\Java\jdk1.8.0_77\bin\javaw.exe
0x00007fff8c610000 - 0x00007fff8c7bd000 	C:\Windows\SYSTEM32\ntdll.dll
0x00007fff8a240000 - 0x00007fff8a37e000 	C:\Windows\system32\KERNEL32.DLL
0x00007fff89b70000 - 0x00007fff89c86000 	C:\Windows\system32\KERNELBASE.dll
0x00007fff87e70000 - 0x00007fff87efe000 	C:\Windows\system32\apphelp.dll
0x00007fff79e30000 - 0x00007fff79e83000 	C:\Windows\AppPatch\AppPatch64\AcGenral.DLL
0x00007fff8ab00000 - 0x00007fff8abaa000 	C:\Windows\system32\msvcrt.dll
0x00007fff89800000 - 0x00007fff8982e000 	C:\Windows\system32\SspiCli.dll
0x00007fff8a380000 - 0x00007fff8a3d4000 	C:\Windows\system32\SHLWAPI.dll
0x00007fff8a0b0000 - 0x00007fff8a227000 	C:\Windows\system32\USER32.dll
0x00007fff8c470000 - 0x00007fff8c604000 	C:\Windows\system32\ole32.dll
0x00007fff8ac90000 - 0x00007fff8c1bc000 	C:\Windows\system32\SHELL32.dll
0x00007fff88cf0000 - 0x00007fff88d11000 	C:\Windows\SYSTEM32\USERENV.dll
0x00007fff8a990000 - 0x00007fff8aa3a000 	C:\Windows\system32\ADVAPI32.dll
0x00007fff82580000 - 0x00007fff8259e000 	C:\Windows\SYSTEM32\MPR.dll
0x00007fff8a610000 - 0x00007fff8a750000 	C:\Windows\system32\RPCRT4.dll
0x00007fff8aaa0000 - 0x00007fff8aaf9000 	C:\Windows\SYSTEM32\sechost.dll
0x00007fff89c90000 - 0x00007fff89ea2000 	C:\Windows\SYSTEM32\combase.dll
0x00007fff8c1c0000 - 0x00007fff8c30b000 	C:\Windows\system32\GDI32.dll
0x00007fff89730000 - 0x00007fff89745000 	C:\Windows\SYSTEM32\profapi.dll
0x00007fff87d40000 - 0x00007fff87df2000 	C:\Windows\SYSTEM32\SHCORE.dll
0x00007fff89eb0000 - 0x00007fff89ee6000 	C:\Windows\system32\IMM32.DLL
0x00007fff8c310000 - 0x00007fff8c461000 	C:\Windows\system32\MSCTF.dll
0x00007fff87520000 - 0x00007fff8779a000 	C:\Windows\WinSxS\amd64_microsoft.windows.common-controls_6595b64144ccf1df_6.0.9600.17810_none_6240b9c7ecbd0bda\COMCTL32.dll
0x00007fff7c8c0000 - 0x00007fff7c96f000 	C:\Program Files\McAfee\Endpoint Security\Threat Prevention\Ips\EpMPApi.dll
0x00007fff898e0000 - 0x00007fff89931000 	C:\Windows\system32\WINTRUST.dll
0x00007fff89940000 - 0x00007fff89b1f000 	C:\Windows\system32\CRYPT32.dll
0x00007fff897e0000 - 0x00007fff897f1000 	C:\Windows\system32\MSASN1.dll
0x0000000066880000 - 0x000000006688c000 	C:\Program Files\McAfee\Endpoint Security\Threat Prevention\Ips\EpMPThe.dll
0x00000000652c0000 - 0x0000000065392000 	C:\Program Files\Java\jdk1.8.0_77\jre\bin\msvcr100.dll
0x00000000649b0000 - 0x0000000065240000 	C:\Program Files\Java\jdk1.8.0_77\jre\bin\server\jvm.dll
0x00007fff786f0000 - 0x00007fff786f9000 	C:\Windows\SYSTEM32\WSOCK32.dll
0x00007fff811a0000 - 0x00007fff811c2000 	C:\Windows\SYSTEM32\WINMM.dll
0x00007fff83920000 - 0x00007fff8392a000 	C:\Windows\SYSTEM32\VERSION.dll
0x00007fff8a600000 - 0x00007fff8a607000 	C:\Windows\system32\PSAPI.DLL
0x00007fff8a930000 - 0x00007fff8a98a000 	C:\Windows\system32\WS2_32.dll
0x00007fff7ded0000 - 0x00007fff7defa000 	C:\Windows\SYSTEM32\WINMMBASE.dll
0x00007fff8a3e0000 - 0x00007fff8a3e9000 	C:\Windows\system32\NSI.dll
0x00007fff89b20000 - 0x00007fff89b6f000 	C:\Windows\SYSTEM32\cfgmgr32.dll
0x00007fff88550000 - 0x00007fff88578000 	C:\Windows\SYSTEM32\DEVOBJ.dll
0x00000000652b0000 - 0x00000000652bf000 	C:\Program Files\Java\jdk1.8.0_77\jre\bin\verify.dll
0x0000000065280000 - 0x00000000652a9000 	C:\Program Files\Java\jdk1.8.0_77\jre\bin\java.dll
0x0000000064970000 - 0x00000000649a5000 	C:\Program Files\Java\jdk1.8.0_77\jre\bin\jdwp.dll
0x0000000064960000 - 0x0000000064968000 	C:\Program Files\Java\jdk1.8.0_77\jre\bin\npt.dll
0x0000000064940000 - 0x0000000064956000 	C:\Program Files\Java\jdk1.8.0_77\jre\bin\zip.dll
0x0000000064930000 - 0x0000000064939000 	C:\Program Files\Java\jdk1.8.0_77\jre\bin\dt_socket.dll
0x00007fff84a20000 - 0x00007fff84a35000 	C:\Windows\system32\napinsp.dll
0x00007fff84a40000 - 0x00007fff84a5a000 	C:\Windows\system32\pnrpnsp.dll
0x00007fff870e0000 - 0x00007fff870fb000 	C:\Windows\system32\NLAapi.dll
0x00007fff88f60000 - 0x00007fff88fb9000 	C:\Windows\System32\mswsock.dll
0x00007fff88d60000 - 0x00007fff88e04000 	C:\Windows\SYSTEM32\DNSAPI.dll
0x00007fff84a60000 - 0x00007fff84a6d000 	C:\Windows\System32\winrnr.dll
0x0000000067780000 - 0x00000000677a6000 	C:\Program Files\Bonjour\mdnsNSP.dll
0x00007fff86340000 - 0x00007fff8636a000 	C:\Windows\SYSTEM32\Iphlpapi.DLL
0x00007fff85f00000 - 0x00007fff85f0a000 	C:\Windows\SYSTEM32\WINNSI.DLL
0x00007fff85310000 - 0x00007fff8537b000 	C:\Windows\System32\fwpuclnt.dll
0x00007fff84c40000 - 0x00007fff84c4a000 	C:\Windows\System32\rasadhlp.dll
0x0000000064920000 - 0x000000006492d000 	C:\Program Files\Java\jdk1.8.0_77\jre\bin\management.dll
0x0000000064900000 - 0x000000006491a000 	C:\Program Files\Java\jdk1.8.0_77\jre\bin\net.dll
0x00000000648e0000 - 0x00000000648f1000 	C:\Program Files\Java\jdk1.8.0_77\jre\bin\nio.dll
0x00007fff88fc0000 - 0x00007fff88fe0000 	C:\Windows\SYSTEM32\CRYPTSP.dll
0x00007fff88be0000 - 0x00007fff88c16000 	C:\Windows\system32\rsaenh.dll
0x00007fff89210000 - 0x00007fff89236000 	C:\Windows\SYSTEM32\bcrypt.dll
0x00007fff89530000 - 0x00007fff89593000 	C:\Windows\system32\bcryptprimitives.dll
0x00007fff895a0000 - 0x00007fff895ab000 	C:\Windows\SYSTEM32\CRYPTBASE.dll
0x00007fff85380000 - 0x00007fff85396000 	C:\Windows\SYSTEM32\dhcpcsvc6.DLL
0x00007fff850b0000 - 0x00007fff850ca000 	C:\Windows\SYSTEM32\dhcpcsvc.DLL
0x00007fff81460000 - 0x00007fff815ea000 	C:\Windows\SYSTEM32\dbghelp.dll

VM Arguments:
jvm_args: -agentlib:jdwp=transport=dt_socket,suspend=y,address=localhost:62163 -Dcom.sun.management.jmxremote -Dcom.sun.management.jmxremote.port=62162 -Dcom.sun.management.jmxremote.authenticate=false -Dcom.sun.management.jmxremote.ssl=false -Djava.rmi.server.hostname=localhost -Dspring.liveBeansView.mbeanDomain -Dspring.application.admin.enabled=true -Xverify:none -XX:TieredStopAtLevel=1 -Dfile.encoding=UTF-8 
java_command: com.example.springjpa.SpringJpaAssignmentAppApplication
java_class_path (initial): C:\Program Files\Java\jdk1.8.0_77\jre\lib\resources.jar;C:\Program Files\Java\jdk1.8.0_77\jre\lib\rt.jar;C:\Program Files\Java\jdk1.8.0_77\jre\lib\jsse.jar;C:\Program Files\Java\jdk1.8.0_77\jre\lib\jce.jar;C:\Program Files\Java\jdk1.8.0_77\jre\lib\charsets.jar;C:\Program Files\Java\jdk1.8.0_77\jre\lib\jfr.jar;C:\Program Files\Java\jdk1.8.0_77\jre\lib\ext\access-bridge-64.jar;C:\Program Files\Java\jdk1.8.0_77\jre\lib\ext\cldrdata.jar;C:\Program Files\Java\jdk1.8.0_77\jre\lib\ext\dnsns.jar;C:\Program Files\Java\jdk1.8.0_77\jre\lib\ext\jaccess.jar;C:\Program Files\Java\jdk1.8.0_77\jre\lib\ext\jfxrt.jar;C:\Program Files\Java\jdk1.8.0_77\jre\lib\ext\localedata.jar;C:\Program Files\Java\jdk1.8.0_77\jre\lib\ext\nashorn.jar;C:\Program Files\Java\jdk1.8.0_77\jre\lib\ext\sunec.jar;C:\Program Files\Java\jdk1.8.0_77\jre\lib\ext\sunjce_provider.jar;C:\Program Files\Java\jdk1.8.0_77\jre\lib\ext\sunmscapi.jar;C:\Program Files\Java\jdk1.8.0_77\jre\lib\ext\sunpkcs11.jar;C:\Program Files\Java\jdk1.8.0_77\jre\lib\ext\zipfs.jar;C:\Users\nageswara.eluri\eclipse-workspace\MicroServicesPractice\SpringJpaAssignmentApp\target\classes;C:\Users\nageswara.eluri\.m2\repository\org\springframework\boot\spring-boot-starter-data-jpa\2.0.4.RELEASE\spring-boot-starter-data-jpa-2.0.4.RELEASE.jar;C:\Users\nageswara.eluri\.m2\repository\org\springframework\boot\spring-boot-starter\2.0.4.RELEASE\spring-boot-starter-2.0.4.RELEASE.jar;C:\Users\nageswara.eluri\.m2\repository\org\springframework\boot\spring-boot\2.0.4.RELEASE\spring-boot-2.0.4.RELEASE.jar;C:\Users\nageswara.eluri\.m2\repository\org\springframework\boot\spring-boot-autoconfigure\2.0.4.RELEASE\spring-boot-autoconfigure-2.0.4.RELEASE.jar;C:\Users\nageswara.eluri\.m2\repository\org\springframework\boot\spring-boot-starter-logging\2.0.4.RELEASE\spring-boot-starter-logging-2.0.4.RELEASE.jar;C:\Users\nageswara.eluri\.m2\repository\ch\qos\logback\logback-classic\1.2.3\logback-classic-1.2.3.jar;C:\Users\nageswara.eluri\.
Launcher Type: SUN_STANDARD

Environment Variables:
JAVA_HOME=C:\Program Files\Java\jdk1.8.0_77
PATH=C:\Program Files\Java\jdk1.8.0_77\jre\bin;C:/Program Files/Java/jre1.8.0_77/bin/server;C:/Program Files/Java/jre1.8.0_77/bin;C:/Program Files/Java/jre1.8.0_77/lib/amd64;C:\ProgramData\Oracle\Java\javapath;C:\Windows\system32;C:\Windows;C:\Windows\System32\Wbem;C:\Windows\System32\WindowsPowerShell\v1.0\;C:\Program Files (x86)\ZipGenius 6\;C:\Program Files\TortoiseSVN\bin;C:\Program Files\Java\jdk1.8.0_77\bin;E:\d\softwares\apache-maven-3.2.1\bin;E:\d\softwares\flyway-commandline-5.0.6-windows-x64\flyway-5.0.6;C:\Windows\system32;
USERNAME=nageswara.eluri
OS=Windows_NT
PROCESSOR_IDENTIFIER=Intel64 Family 6 Model 58 Stepping 9, GenuineIntel



---------------  S Y S T E M  ---------------

OS: Windows 8.1 , 64 bit Build 9600 (6.3.9600.17415)

CPU:total 4 (4 cores per cpu, 1 threads per core) family 6 model 58 stepping 9, cmov, cx8, fxsr, mmx, sse, sse2, sse3, ssse3, sse4.1, sse4.2, popcnt, avx, aes, clmul, erms, tsc, tscinvbit, tscinv

Memory: 4k page, physical 8288320k(1196996k free), swap 12972260k(1994976k free)

vm_info: Java HotSpot(TM) 64-Bit Server VM (25.77-b03) for windows-amd64 JRE (1.8.0_77-b03), built on Mar 20 2016 22:01:33 by "java_re" with MS VC++ 10.0 (VS2010)

time: Tue Sep 04 16:37:17 2018
elapsed time: 140 seconds (0d 0h 2m 20s)

